<?xml version="1.0" encoding="UTF-8" ?>
<testsuite errors="1" failures="0" hostname="shivakrishnach" name="testUtils.helper" skipped="0" tests="1" time="0.379" timestamp="2014-09-09T15:25:46">
  <properties>
[...]
</properties>
  <testcase classname="testUtils.helper" name="initializationError" time="0.01">
    <error message="No runnable methods" type="java.lang.Exception">java.lang.Exception: No runnable methods
	at java.lang.reflect.Constructor.newInstance(Constructor.java:526)
</error>
  </testcase>
  <system-out><![CDATA[]]></system-out>
  <system-err><![CDATA[]]></system-err>
</testsuite>
