<?xml version="1.0" encoding="UTF-8"?>
<testng-results skipped="0" failed="0" total="1" passed="1">
  <reporter-output>
  </reporter-output>
  <suite name="suite1" duration-ms="33722" started-at="2014-09-10T14:31:56Z" finished-at="2014-09-10T14:32:30Z">
    <groups>
    </groups>
    <test name="MavenJenkinsProject" duration-ms="33722" started-at="2014-09-10T14:31:56Z" finished-at="2014-09-10T14:32:30Z">
      <class name="com.Jenkins.Test.NexiiContactTest">
        <test-method status="PASS" signature="beforeSuite()[pri:0, instance:com.Jenkins.Test.NexiiContactTest@ec850]" name="beforeSuite" is-config="true" duration-ms="374" started-at="2014-09-10T20:01:56Z" finished-at="2014-09-10T20:01:56Z">
          <reporter-output>
          </reporter-output>
        </test-method> <!-- beforeSuite -->
        <test-method status="PASS" signature="contactUs()[pri:0, instance:com.Jenkins.Test.NexiiContactTest@ec850]" name="contactUs" duration-ms="33683" started-at="2014-09-10T20:01:56Z" finished-at="2014-09-10T20:02:30Z">
          <reporter-output>
          </reporter-output>
        </test-method> <!-- contactUs -->
      </class> <!-- com.Jenkins.Test.NexiiContactTest -->
    </test> <!-- MavenJenkinsProject -->
  </suite> <!-- suite1 -->
</testng-results>
